-------------------------------------------------------------------------------
Test set: com.util.EmployeeTest
-------------------------------------------------------------------------------
Tests run: 1, Failures: 0, Errors: 1, Skipped: 0, Time elapsed: 0.521 s <<< FAILURE! - in com.util.EmployeeTest
initializationError(com.util.EmployeeTest)  Time elapsed: 0.015 s  <<< ERROR!
java.lang.Exception: No runnable methods

